<?xml version="1.0" encoding="UTF-8"?>
<testng-results skipped="0" failed="0" total="2" passed="2">
  <reporter-output>
  </reporter-output>
  <suite name="com.qa.tests.PostAPI_CreateNewCustomer" duration-ms="3302" started-at="2018-10-29T12:40:19Z" finished-at="2018-10-29T12:40:22Z">
    <groups>
    </groups>
    <test name="Command line test" duration-ms="3302" started-at="2018-10-29T12:40:19Z" finished-at="2018-10-29T12:40:22Z">
      <class name="com.qa.tests.PostAPI_CreateNewCustomer">
        <test-method status="PASS" signature="startTest()[pri:0, instance:com.qa.tests.PostAPI_CreateNewCustomer@5a61f5df]" name="startTest" is-config="true" duration-ms="400" started-at="2018-10-29T18:10:19Z" finished-at="2018-10-29T18:10:20Z">
          <reporter-output>
          </reporter-output>
        </test-method> <!-- startTest -->
        <test-method status="PASS" signature="setup()[pri:0, instance:com.qa.tests.PostAPI_CreateNewCustomer@5a61f5df]" name="setup" is-config="true" duration-ms="1" started-at="2018-10-29T18:10:20Z" finished-at="2018-10-29T18:10:20Z">
          <reporter-output>
          </reporter-output>
        </test-method> <!-- setup -->
        <test-method status="PASS" signature="test_Post_API_Create()[pri:0, instance:com.qa.tests.PostAPI_CreateNewCustomer@5a61f5df]" name="test_Post_API_Create" duration-ms="2008" started-at="2018-10-29T18:10:20Z" finished-at="2018-10-29T18:10:22Z">
          <reporter-output>
          </reporter-output>
        </test-method> <!-- test_Post_API_Create -->
        <test-method status="PASS" signature="getResult(org.testng.ITestResult)[pri:0, instance:com.qa.tests.PostAPI_CreateNewCustomer@5a61f5df]" name="getResult" is-config="true" duration-ms="1" started-at="2018-10-29T18:10:22Z" finished-at="2018-10-29T18:10:22Z">
          <params>
            <param index="0">
              <value>
                <![CDATA[[TestResult name=test_Post_API_Create status=SUCCESS method=PostAPI_CreateNewCustomer.test_Post_API_Create()[pri:0, instance:com.qa.tests.PostAPI_CreateNewCustomer@5a61f5df] output={null}]]]>
              </value>
            </param>
          </params>
          <reporter-output>
          </reporter-output>
        </test-method> <!-- getResult -->
        <test-method status="PASS" signature="test_Post_API_Search()[pri:0, instance:com.qa.tests.PostAPI_CreateNewCustomer@5a61f5df]" name="test_Post_API_Search" duration-ms="842" started-at="2018-10-29T18:10:22Z" finished-at="2018-10-29T18:10:22Z">
          <reporter-output>
          </reporter-output>
        </test-method> <!-- test_Post_API_Search -->
        <test-method status="PASS" signature="setup()[pri:0, instance:com.qa.tests.PostAPI_CreateNewCustomer@5a61f5df]" name="setup" is-config="true" duration-ms="0" started-at="2018-10-29T18:10:22Z" finished-at="2018-10-29T18:10:22Z">
          <reporter-output>
          </reporter-output>
        </test-method> <!-- setup -->
        <test-method status="PASS" signature="getResult(org.testng.ITestResult)[pri:0, instance:com.qa.tests.PostAPI_CreateNewCustomer@5a61f5df]" name="getResult" is-config="true" duration-ms="1" started-at="2018-10-29T18:10:22Z" finished-at="2018-10-29T18:10:22Z">
          <params>
            <param index="0">
              <value>
                <![CDATA[[TestResult name=test_Post_API_Search status=SUCCESS method=PostAPI_CreateNewCustomer.test_Post_API_Search()[pri:0, instance:com.qa.tests.PostAPI_CreateNewCustomer@5a61f5df] output={null}]]]>
              </value>
            </param>
          </params>
          <reporter-output>
          </reporter-output>
        </test-method> <!-- getResult -->
        <test-method status="PASS" signature="endTest()[pri:0, instance:com.qa.tests.PostAPI_CreateNewCustomer@5a61f5df]" name="endTest" is-config="true" duration-ms="38" started-at="2018-10-29T18:10:22Z" finished-at="2018-10-29T18:10:22Z">
          <reporter-output>
          </reporter-output>
        </test-method> <!-- endTest -->
      </class> <!-- com.qa.tests.PostAPI_CreateNewCustomer -->
    </test> <!-- Command line test -->
  </suite> <!-- com.qa.tests.PostAPI_CreateNewCustomer -->
</testng-results>
